<users>
  <user age="725">toto</user>
  <user age="4">Jane Doe</user>
</users>