<users>
  <user age="725">toto</user>
  <user age="9">Jane Doe</user>
</users>