<?xml version="1.0" encoding="utf-8" standalone="no"?>
<!--This file represents the results of running a test suite-->
<test-results name="C:\Dev\Projet\Kepler-22_B\Kepler-22_B.Tests\bin\Debug\Kepler-22_B.Tests.dll" total="12" errors="0" failures="0" not-run="0" inconclusive="0" ignored="0" skipped="0" invalid="0" date="2016-11-20" time="20:19:49">
  <environment nunit-version="2.6.4.14350" clr-version="4.0.30319.42000" os-version="Microsoft Windows NT 6.2.9200.0" platform="Win32NT" cwd="C:\Dev\Projet\Kepler-22_B\Kepler-22_B.Tests\bin\Debug" machine-name="PC-HERVE_DYLAN" user="Dylan" user-domain="PC-Herve_Dylan" />
  <culture-info current-culture="fr-FR" current-uiculture="fr-FR" />
  <test-suite type="Assembly" name="C:\Dev\Projet\Kepler-22_B\Kepler-22_B.Tests\bin\Debug\Kepler-22_B.Tests.dll" executed="True" result="Success" success="True" time="6.457" asserts="0">
    <results>
      <test-suite type="Namespace" name="Kepler_22_B" executed="True" result="Success" success="True" time="6.449" asserts="0">
        <results>
          <test-suite type="Namespace" name="Tests" executed="True" result="Success" success="True" time="6.449" asserts="0">
            <results>
              <test-suite type="TestFixture" name="CTPlayerTests" executed="True" result="Success" success="True" time="6.449" asserts="0">
                <results>
                  <test-case name="Kepler_22_B.Tests.CTPlayerTests.AttributeNewNameToTheNewCharacter" executed="True" result="Success" success="True" time="0.307" asserts="1" />
                  <test-suite type="ParameterizedTest" name="InsertNegativePositionX" executed="True" result="Success" success="True" time="6.042" asserts="0">
                    <results>
                      <test-case name="Kepler_22_B.Tests.CTPlayerTests.InsertNegativePositionX(-1,12)" executed="True" result="Success" success="True" time="3.577" asserts="1" />
                      <test-case name="Kepler_22_B.Tests.CTPlayerTests.InsertNegativePositionX(-1,-2)" executed="True" result="Success" success="True" time="1.289" asserts="1" />
                      <test-case name="Kepler_22_B.Tests.CTPlayerTests.InsertNegativePositionX(0,-20)" executed="True" result="Success" success="True" time="1.143" asserts="1" />
                    </results>
                  </test-suite>
                  <test-suite type="ParameterizedTest" name="InsertPositionInConstructor" executed="True" result="Success" success="True" time="0.031" asserts="0">
                    <results>
                      <test-case name="Kepler_22_B.Tests.CTPlayerTests.InsertPositionInConstructor(1,10)" executed="True" result="Success" success="True" time="0.020" asserts="2" />
                      <test-case name="Kepler_22_B.Tests.CTPlayerTests.InsertPositionInConstructor(50,12)" executed="True" result="Success" success="True" time="0.000" asserts="2" />
                      <test-case name="Kepler_22_B.Tests.CTPlayerTests.InsertPositionInConstructor(500,2)" executed="True" result="Success" success="True" time="0.000" asserts="2" />
                    </results>
                  </test-suite>
                  <test-case name="Kepler_22_B.Tests.CTPlayerTests.TestIfThePlayerCanGoDown" executed="True" result="Success" success="True" time="0.001" asserts="1" />
                  <test-case name="Kepler_22_B.Tests.CTPlayerTests.TestIfThePlayerCanGoOnTheLeft" executed="True" result="Success" success="True" time="0.001" asserts="1" />
                  <test-case name="Kepler_22_B.Tests.CTPlayerTests.TestIfThePlayerCanGoUp" executed="True" result="Success" success="True" time="0.001" asserts="1" />
                  <test-case name="Kepler_22_B.Tests.CTPlayerTests.TestIfThePlayerCanOnTheRight" executed="True" result="Success" success="True" time="0.001" asserts="1" />
                  <test-case name="Kepler_22_B.Tests.CTPlayerTests.TestNunit" executed="True" result="Success" success="True" time="0.001" asserts="1" />
                </results>
              </test-suite>
            </results>
          </test-suite>
        </results>
      </test-suite>
    </results>
  </test-suite>
</test-results>