<?xml version="1.0" encoding="utf-8" standalone="no"?>
<!--This file represents the results of running a test suite-->
<test-results name="C:\Dev\Projet\Kepler-22_B\Kepler-22_B.Tests\bin\Debug\Kepler-22_B.Tests.dll" total="1" errors="0" failures="0" not-run="0" inconclusive="0" ignored="0" skipped="0" invalid="0" date="2016-11-24" time="09:36:44">
  <environment nunit-version="2.6.4.14350" clr-version="4.0.30319.42000" os-version="Microsoft Windows NT 6.2.9200.0" platform="Win32NT" cwd="C:\Dev\Projet\Kepler-22_B\Kepler-22_B.Tests\bin\Debug" machine-name="PC-HERVE_DYLAN" user="Dylan" user-domain="PC-Herve_Dylan" />
  <culture-info current-culture="fr-FR" current-uiculture="fr-FR" />
  <test-suite type="Assembly" name="C:\Dev\Projet\Kepler-22_B\Kepler-22_B.Tests\bin\Debug\Kepler-22_B.Tests.dll" executed="True" result="Success" success="True" time="0.017" asserts="0">
    <results>
      <test-suite type="Namespace" name="Kepler_22_B" executed="True" result="Success" success="True" time="0.017" asserts="0">
        <results>
          <test-suite type="Namespace" name="Tests" executed="True" result="Success" success="True" time="0.017" asserts="0">
            <results>
              <test-suite type="TestFixture" name="MapTests" executed="True" result="Success" success="True" time="0.017" asserts="0">
                <results>
                  <test-case name="Kepler_22_B.Tests.MapTests.TestTheConvertionPixeInTilesForThePositionXOfThePlayer" executed="True" result="Success" success="True" time="0.014" asserts="2" />
                </results>
              </test-suite>
            </results>
          </test-suite>
        </results>
      </test-suite>
    </results>
  </test-suite>
</test-results>