<users>
  <user age="70">John Doe</user>
  <user age="67">Jane Doe</user>
</users>